Connecting to server at http://127.0.0.1:8080...
Connected!

Server status: healthy
Current knowledge graph: default

> .kg create test_single_col_n10t35
Knowledge graph 'test_single_col_n10t35' created.
Switched to knowledge graph: test_single_col_n10t35
> .kg use test_single_col_n10t35
Switched to knowledge graph: test_single_col_n10t35
> +ids[(1,), (2,), (3,), (4,), (5,)]
Inserted 5 fact(s) into 'ids'.
> ?ids(X)
┌──────┐
│ col0 │
├──────┤
│    1 │
│    2 │
│    3 │
│    4 │
│    5 │
└──────┘
5 rows
