Connecting to server at http://127.0.0.1:8080...
Connected!

Server status: healthy
Current knowledge graph: default

> .kg create test_empty_key_n10t60
Knowledge graph 'test_empty_key_n10t60' created.
Switched to knowledge graph: test_empty_key_n10t60
> .kg use test_empty_key_n10t60
Switched to knowledge graph: test_empty_key_n10t60
> +data[("", 100), ("a", 200), ("b", 300)]
Inserted 3 fact(s) into 'data'.
> ?data(Key, Val)
┌──────┬──────┐
│ col0 │ col1 │
├──────┼──────┤
│ ""   │  100 │
│ "a"  │  200 │
│ "b"  │  300 │
└──────┴──────┘
3 rows
