Connecting to server at http://127.0.0.1:8080...
Connected!

Server status: healthy
Current knowledge graph: default

> .kg create test_neg_key_n10t63
Knowledge graph 'test_neg_key_n10t63' created.
Switched to knowledge graph: test_neg_key_n10t63
> .kg use test_neg_key_n10t63
Switched to knowledge graph: test_neg_key_n10t63
> +data[(-1, "neg_one"), (0, "zero"), (1, "one")]
Inserted 3 fact(s) into 'data'.
> ?data(Key, Val)
┌──────┬───────────┐
│ col0 │ col1      │
├──────┼───────────┤
│   -1 │ "neg_one" │
│    0 │ "zero"    │
│    1 │ "one"     │
└──────┴───────────┘
3 rows
