Connecting to server at http://127.0.0.1:8080...
Connected!

Server status: healthy
Current knowledge graph: default

> .kg create test_unicode_n10t78
Knowledge graph 'test_unicode_n10t78' created.
Switched to knowledge graph: test_unicode_n10t78
> .kg use test_unicode_n10t78
Switched to knowledge graph: test_unicode_n10t78
> +names[(1, "Alice"), (2, "日本語"), (3, "émoji"), (4, "Ελληνικά")].
Inserted 4 fact(s) into 'names'.
> ?- names(Id, Name).
4 rows:
  (1, "Alice")
  (2, "日本語")
  (3, "émoji")
  (4, "Ελληνικά")
> .kg use default
Switched to knowledge graph: default
> .kg drop test_unicode_n10t78
Knowledge graph 'test_unicode_n10t78' dropped.
