Executing script: examples/datalog/19_self_checking/01_increment_check.dl

> .db create test_self_check_inc
Database 'test_self_check_inc' created.
Switched to database: test_self_check_inc
> .db use test_self_check_inc
Switched to database: test_self_check_inc
> +test_inc[(1, 0, 1), (2, 5, 6), (3, -1, 0), (4, 99, 100), (5, -100, -99)].
Inserted 5 facts into 'test_inc'.
> +link[(1, 10), (2, 20), (3, 30), (4, 40), (5, 50)].
Inserted 5 facts into 'link'.
> computed(X, D+1) :- test_inc(X, D, _), link(X, _).
5 rows:
  (1, 1)
  (2, 6)
  (3, 0)
  (4, 100)
  (5, -99)
(session: 1 rule(s))
> expected(X, E) :- test_inc(X, _, E).
5 rows:
  (1, 1)
  (2, 6)
  (3, 0)
  (4, 100)
  (5, -99)
(session: 2 rule(s))
> ?- computed(X, Y).
5 rows:
  (1, 1)
  (2, 6)
  (3, 0)
  (4, 100)
  (5, -99)
> ?- expected(X, Y).
5 rows:
  (1, 1)
  (2, 6)
  (3, 0)
  (4, 100)
  (5, -99)
> .db use default
Switched to database: default
(Cleared 2 session rule(s))
> .db drop test_self_check_inc
Database 'test_self_check_inc' dropped.
