Connecting to server at http://127.0.0.1:8080...
Connected!

Server status: healthy
Current knowledge graph: default

> .kg create test_vec_ops_n16t18
Knowledge graph 'test_vec_ops_n16t18' created.
Switched to knowledge graph: test_vec_ops_n16t18
> .kg use test_vec_ops_n16t18
Switched to knowledge graph: test_vec_ops_n16t18
> +vectors(1, [1.0, 2.0, 3.0])
Inserted 1 fact(s) into 'vectors'.
> +vectors(2, [4.0, 5.0, 6.0])
Inserted 1 fact(s) into 'vectors'.
> +vectors(3, [1.0, 0.0, 0.0])
Inserted 1 fact(s) into 'vectors'.
> ?vectors(Id, V)
┌──────┬─────────────────┐
│ col0 │ col1            │
├──────┼─────────────────┤
│    1 │ [1.0, 2.0, 3.0] │
│    2 │ [4.0, 5.0, 6.0] │
│    3 │ [1.0, 0.0, 0.0] │
└──────┴─────────────────┘
3 rows
