Connecting to server at http://127.0.0.1:8080...
Connected!

Server status: healthy
Authenticated as: admin
Current knowledge graph: default

> .kg create test_high_dim_n16t25
Knowledge graph 'test_high_dim_n16t25' created.
Switched to knowledge graph: test_high_dim_n16t25
> .kg use test_high_dim_n16t25
Switched to knowledge graph: test_high_dim_n16t25
> +embed[(1, [0.1, 0.2, 0.3, 0.4, 0.5, 0.6, 0.7, 0.8, 0.9, 1.0, 0.1, 0.2, 0.3, 0.4, 0.5, 0.6, 0.7, 0.8, 0.9, 1.0, 0.1, 0.2, 0.3, 0.4, 0.5, 0.6, 0.7, 0.8, 0.9, 1.0, 0.1, 0.2, 0.3, 0.4, 0.5, 0.6, 0.7, 0.8, 0.9, 1.0, 0.1, 0.2, 0.3, 0.4, 0.5, 0.6, 0.7, 0.8, 0.9, 1.0, 0.1, 0.2, 0.3, 0.4, 0.5, 0.6, 0.7, 0.8, 0.9, 1.0, 0.1, 0.2, 0.3, 0.4, 0.5, 0.6, 0.7, 0.8, 0.9, 1.0, 0.1, 0.2, 0.3, 0.4, 0.5, 0.6, 0.7, 0.8, 0.9, 1.0, 0.1, 0.2, 0.3, 0.4, 0.5, 0.6, 0.7, 0.8, 0.9, 1.0, 0.1, 0.2, 0.3, 0.4, 0.5, 0.6, 0.7, 0.8, 0.9, 1.0, 0.1, 0.2, 0.3, 0.4, 0.5, 0.6, 0.7, 0.8, 0.9, 1.0, 0.1, 0.2, 0.3, 0.4, 0.5, 0.6, 0.7, 0.8, 0.9, 1.0, 0.1, 0.2, 0.3, 0.4, 0.5, 0.6, 0.7, 0.8])]
Inserted 1 fact(s) into 'embed'.
> +embed[(2, [1.0, 0.9, 0.8, 0.7, 0.6, 0.5, 0.4, 0.3, 0.2, 0.1, 1.0, 0.9, 0.8, 0.7, 0.6, 0.5, 0.4, 0.3, 0.2, 0.1, 1.0, 0.9, 0.8, 0.7, 0.6, 0.5, 0.4, 0.3, 0.2, 0.1, 1.0, 0.9, 0.8, 0.7, 0.6, 0.5, 0.4, 0.3, 0.2, 0.1, 1.0, 0.9, 0.8, 0.7, 0.6, 0.5, 0.4, 0.3, 0.2, 0.1, 1.0, 0.9, 0.8, 0.7, 0.6, 0.5, 0.4, 0.3, 0.2, 0.1, 1.0, 0.9, 0.8, 0.7, 0.6, 0.5, 0.4, 0.3, 0.2, 0.1, 1.0, 0.9, 0.8, 0.7, 0.6, 0.5, 0.4, 0.3, 0.2, 0.1, 1.0, 0.9, 0.8, 0.7, 0.6, 0.5, 0.4, 0.3, 0.2, 0.1, 1.0, 0.9, 0.8, 0.7, 0.6, 0.5, 0.4, 0.3, 0.2, 0.1, 1.0, 0.9, 0.8, 0.7, 0.6, 0.5, 0.4, 0.3, 0.2, 0.1, 1.0, 0.9, 0.8, 0.7, 0.6, 0.5, 0.4, 0.3, 0.2, 0.1, 1.0, 0.9, 0.8, 0.7, 0.6, 0.5, 0.4, 0.3])]
Inserted 1 fact(s) into 'embed'.
> ?embed(1, V1), embed(2, V2), S = cosine(V1, V2)
┌───┬──────────────────────────────────────────┬──────────────────────────────────────────┬─────────────────────┐
│ 1 │ V1                                       │ V2                                       │ S                   │
├───┼──────────────────────────────────────────┼──────────────────────────────────────────┼─────────────────────┤
│ 1 │ [0.10000000149011612, 0.200000002980232… │ [1.0, 0.8999999761581421, 0.80000001192… │ 0.42336025596151894 │
└───┴──────────────────────────────────────────┴──────────────────────────────────────────┴─────────────────────┘
1 rows
> ?embed(1, V1), embed(2, V2), D = euclidean(V1, V2)
┌───┬──────────────────────────────────────────┬──────────────────────────────────────────┬───────────────────┐
│ 1 │ V1                                       │ V2                                       │ D                 │
├───┼──────────────────────────────────────────┼──────────────────────────────────────────┼───────────────────┤
│ 1 │ [0.10000000149011612, 0.200000002980232… │ [1.0, 0.8999999761581421, 0.80000001192… │ 6.449806376071948 │
└───┴──────────────────────────────────────────┴──────────────────────────────────────────┴───────────────────┘
1 rows
> .kg use default
Switched to knowledge graph: default
> .kg drop test_high_dim_n16t25
Knowledge graph 'test_high_dim_n16t25' dropped.
