Connecting to server at http://127.0.0.1:8080...
Connected!

Server status: healthy
Authenticated as: admin
Current knowledge graph: default

> .kg create test_expltr_n36t22
Knowledge graph 'test_expltr_n36t22' created.
Switched to knowledge graph: test_expltr_n36t22
> .kg use test_expltr_n36t22
Switched to knowledge graph: test_expltr_n36t22
> +a[(1, 2)]
Inserted 1 fact(s) into 'a'.
> +b[(1, 2)]
Inserted 1 fact(s) into 'b'.
> +result(X, Y) <- a(X, Y)
Rule 'result' registered.
> +result(X, Y) <- b(X, Y)
Rule 'result' registered.
> .why ?result(X, Y)
┌───┬───┐
│ X │ Y │
├───┼───┤
│ 1 │ 2 │
└───┴───┘
1 rows
> .kg use default
Switched to knowledge graph: default
> .kg drop test_expltr_n36t22
Knowledge graph 'test_expltr_n36t22' dropped.
