Connecting to server at http://127.0.0.1:8080...
Connected!

Server status: healthy
Current knowledge graph: default

> .kg create test_reach_matrix
Knowledge graph 'test_reach_matrix' created.
Switched to knowledge graph: test_reach_matrix
> .kg use test_reach_matrix
Switched to knowledge graph: test_reach_matrix
> +edge[("a", "b"), ("b", "c"), ("c", "d"), ("a", "c")].
Inserted 4 fact(s) into 'edge'.
> +reach(X, Y) :- edge(X, Y).
Rule 'reach' registered.
> +reach(X, Z) :- reach(X, Y), edge(Y, Z).
Rule 'reach' registered.
> ?- reach(X, Y).
6 rows:
  ("a", "b")
  ("a", "c")
  ("a", "d")
  ("b", "c")
  ("b", "d")
  ("c", "d")
> .kg use default
Switched to knowledge graph: default
> .kg drop test_reach_matrix
Knowledge graph 'test_reach_matrix' dropped.
