Executing script: examples/datalog/27_atomic_ops/02_conditional_update.dl

> .db create conditional_update_test
Database 'conditional_update_test' created.
Switched to database: conditional_update_test
> .db use conditional_update_test
Switched to database: conditional_update_test
> +counter[(1, 100), (2, 200), (3, 50), (4, 150)].
Inserted 4 facts into 'counter'.
> ?- counter(Id, Value).
4 rows:
  (1, 100)
  (2, 200)
  (3, 50)
  (4, 150)
> -counter(Id, Value) :- counter(Id, Value), Value > 100.
Deleted 2 facts from 'counter'.
> ?- counter(Id, Value).
2 rows:
  (1, 100)
  (3, 50)
> +counter[(2, 210), (4, 160)].
Inserted 2 facts into 'counter'.
> ?- counter(Id, Value).
4 rows:
  (1, 100)
  (2, 210)
  (3, 50)
  (4, 160)
> .db use default
Switched to database: default
> .db drop conditional_update_test
Database 'conditional_update_test' dropped.
