Connecting to server at http://127.0.0.1:8080...
Connected!

Server status: healthy
Current knowledge graph: default

> .kg create test_cond_del_join_n27t06
Knowledge graph 'test_cond_del_join_n27t06' created.
Switched to knowledge graph: test_cond_del_join_n27t06
> .kg use test_cond_del_join_n27t06
Switched to knowledge graph: test_cond_del_join_n27t06
> +orders[(1, "Alice", 100), (2, "Bob", 200), (3, "Alice", 300)]
Inserted 3 fact(s) into 'orders'.
> +banned[("Alice",)]
Inserted 1 fact(s) into 'banned'.
> ?orders(Id, Name, Amount)
┌──────┬─────────┬──────┐
│ col0 │ col1    │ col2 │
├──────┼─────────┼──────┤
│    1 │ "Alice" │  100 │
│    2 │ "Bob"   │  200 │
│    3 │ "Alice" │  300 │
└──────┴─────────┴──────┘
3 rows
