Connecting to server at http://127.0.0.1:8080...
Connected!

Server status: healthy
Current knowledge graph: default

> .kg create test_cond_del_empty
Knowledge graph 'test_cond_del_empty' created.
Switched to knowledge graph: test_cond_del_empty
> .kg use test_cond_del_empty
Switched to knowledge graph: test_cond_del_empty
> +items[(1, 10), (2, 20), (3, 30)].
Inserted 3 fact(s) into 'items'.
> ?- items(Id, Val).
3 rows:
  (1, 10)
  (2, 20)
  (3, 30)
> -items(Id, Val) :- items(Id, Val), Val > 1000.
Conditional delete: 0 fact(s) deleted from 'items'.
> ?- items(Id, Val).
3 rows:
  (1, 10)
  (2, 20)
  (3, 30)
> .kg use default
Switched to knowledge graph: default
> .kg drop test_cond_del_empty
Knowledge graph 'test_cond_del_empty' dropped.
