Connecting to server at http://127.0.0.1:8080...
Connected!

Server status: healthy
Current knowledge graph: default

> .kg create test_cond_update_n27t20
Knowledge graph 'test_cond_update_n27t20' created.
Switched to knowledge graph: test_cond_update_n27t20
> .kg use test_cond_update_n27t20
Switched to knowledge graph: test_cond_update_n27t20
> +inventory[(1, "Widget", 10), (2, "Gadget", 5), (3, "Gizmo", 20)]
Inserted 3 fact(s) into 'inventory'.
> ?inventory(Id, Name, Qty)
┌──────┬──────────┬──────┐
│ col0 │ col1     │ col2 │
├──────┼──────────┼──────┤
│    1 │ "Widget" │   10 │
│    2 │ "Gadget" │    5 │
│    3 │ "Gizmo"  │   20 │
└──────┴──────────┴──────┘
3 rows
