Connecting to server at http://127.0.0.1:8080...
Connected!

Server status: healthy
Current knowledge graph: default

> .kg create test_soft_del_n27t31
Knowledge graph 'test_soft_del_n27t31' created.
Switched to knowledge graph: test_soft_del_n27t31
> .kg use test_soft_del_n27t31
Switched to knowledge graph: test_soft_del_n27t31
> +items[(1, "a"), (2, "b"), (3, "c")]
Inserted 3 fact(s) into 'items'.
> +deleted[]
Inserted 0 fact(s) into 'deleted'.
> ?items(Id, Name)
┌──────┬──────┐
│ col0 │ col1 │
├──────┼──────┤
│    1 │ "a"  │
│    2 │ "b"  │
│    3 │ "c"  │
└──────┴──────┘
3 rows
> +deleted[(1,), (2,)]
Inserted 2 fact(s) into 'deleted'.
