Connecting to server at http://127.0.0.1:8080...
Connected!

Server status: healthy
Authenticated as: admin
Current knowledge graph: default

> .kg create _n41t02
Knowledge graph '_n41t02' created.
Switched to knowledge graph: _n41t02
> .kg use _n41t02
Switched to knowledge graph: _n41t02
> +edge[(1, 2), (2, 3), (3, 4), (4, 5)]
Inserted 4 fact(s) into 'edge'.
> +tc(X, Y) <- edge(X, Y)
Rule 'tc' registered.
> +tc(X, Y) <- tc(X, Z), edge(Z, Y)
Rule 'tc' registered.
> ?tc(X, Y)
┌───┬───┐
│ X │ Y │
├───┼───┤
│ 1 │ 2 │
│ 1 │ 3 │
│ 1 │ 4 │
│ 1 │ 5 │
│ 2 │ 3 │
│ 2 │ 4 │
│ 2 │ 5 │
│ 3 │ 4 │
│ 3 │ 5 │
│ 4 │ 5 │
└───┴───┘
10 rows
> .kg use default
Switched to knowledge graph: default
> .kg drop _n41t02
Knowledge graph '_n41t02' dropped.
