Executing script: examples/datalog/14_aggregations/09_agg_over_recursive.dl

> .db create test_agg_recursive
Database 'test_agg_recursive' created.
Switched to database: test_agg_recursive
> .db use test_agg_recursive
Switched to database: test_agg_recursive
> +edge[(1, 2), (2, 3), (3, 4), (1, 5), (5, 6)].
Inserted 5 facts into 'edge'.
> +path(X, Y) :- edge(X, Y).
Rule 'path' registered.
> +path(X, Z) :- edge(X, Y), path(Y, Z).
Rule added to 'path' (2 rules total).
> ?- path(A, B).
9 rows:
  (1, 2)
  (1, 3)
  (1, 4)
  (1, 5)
  (1, 6)
  (2, 3)
  (2, 4)
  (3, 4)
  (5, 6)
> +reach_count(X, count<Y>) :- path(X, Y).
Script error: Line 20: Parse error: Invalid term: 'count<Y>'
