Connecting to server at http://127.0.0.1:8080...
Connected!

Server status: healthy
Current knowledge graph: default

> .kg create test_retract_topk_n14t112
Knowledge graph 'test_retract_topk_n14t112' created.
Switched to knowledge graph: test_retract_topk_n14t112
> .kg use test_retract_topk_n14t112
Switched to knowledge graph: test_retract_topk_n14t112
> +score[(1, 100), (2, 250), (3, 175), (4, 300), (5, 125)]
Inserted 5 fact(s) into 'score'.
> +top_players(top_k<3, Player, Points:desc>) <- score(Player, Points)
Rule 'top_players' registered.
> ?top_players(X, Y)
┌───┬─────┐
│ X │ Y   │
├───┼─────┤
│ 2 │ 250 │
│ 3 │ 175 │
│ 4 │ 300 │
└───┴─────┘
3 rows
> -score(4, 300)
Deleted 1 facts from 'score'.
> ?top_players(X, Y)
┌───┬─────┐
│ X │ Y   │
├───┼─────┤
│ 2 │ 250 │
│ 3 │ 175 │
│ 5 │ 125 │
└───┴─────┘
3 rows
> -score(2, 250)
Deleted 1 facts from 'score'.
> ?top_players(X, Y)
┌───┬─────┐
│ X │ Y   │
├───┼─────┤
│ 1 │ 100 │
│ 3 │ 175 │
│ 5 │ 125 │
└───┴─────┘
3 rows
> .kg use default
Switched to knowledge graph: default
> .kg drop test_retract_topk_n14t112
Knowledge graph 'test_retract_topk_n14t112' dropped.
