Connecting to server at http://127.0.0.1:8080...
Connected!

Server status: healthy
Authenticated as: admin
Current knowledge graph: default

> .kg create test_expltr_n36t04
Knowledge graph 'test_expltr_n36t04' created.
Switched to knowledge graph: test_expltr_n36t04
> .kg use test_expltr_n36t04
Switched to knowledge graph: test_expltr_n36t04
> +edge[(1, 2), (2, 3), (3, 4)]
Inserted 3 fact(s) into 'edge'.
> +reachable(X, Y) <- edge(X, Y)
Rule 'reachable' registered.
> +reachable(X, Z) <- edge(X, Y), reachable(Y, Z)
Rule 'reachable' registered.
> .why ?reachable(X, Y)
┌───┬───┐
│ X │ Y │
├───┼───┤
│ 1 │ 2 │
│ 1 │ 3 │
│ 1 │ 4 │
│ 2 │ 3 │
│ 2 │ 4 │
│ 3 │ 4 │
└───┴───┘
6 rows
> .kg use default
Switched to knowledge graph: default
> .kg drop test_expltr_n36t04
Knowledge graph 'test_expltr_n36t04' dropped.
