Connecting to server at http://127.0.0.1:8080...
Connected!

Server status: healthy
Authenticated as: admin
Current knowledge graph: default

> .kg create test_expltr_n36t05
Knowledge graph 'test_expltr_n36t05' created.
Switched to knowledge graph: test_expltr_n36t05
> .kg use test_expltr_n36t05
Switched to knowledge graph: test_expltr_n36t05
> +node[(1,), (2,), (3,)]
Inserted 3 fact(s) into 'node'.
> +danger[(2,)]
Inserted 1 fact(s) into 'danger'.
> +safe(X) <- node(X), !danger(X)
Rule 'safe' registered.
> .why ?safe(X)
┌───┐
│ X │
├───┤
│ 1 │
│ 3 │
└───┘
2 rows
> .kg use default
Switched to knowledge graph: default
> .kg drop test_expltr_n36t05
Knowledge graph 'test_expltr_n36t05' dropped.
