Connecting to server at http://127.0.0.1:8080...
Connected!

Server status: healthy
Authenticated as: admin
Current knowledge graph: default

> .kg create test_expltr_n36t06
Knowledge graph 'test_expltr_n36t06' created.
Switched to knowledge graph: test_expltr_n36t06
> .kg use test_expltr_n36t06
Switched to knowledge graph: test_expltr_n36t06
> +a[(1,), (2,)]
Inserted 2 fact(s) into 'a'.
> +b[(3,)]
Inserted 1 fact(s) into 'b'.
> +result(X) <- a(X)
Rule 'result' registered.
> +result(X) <- b(X)
Rule 'result' registered.
> .why ?result(X)
┌───┐
│ X │
├───┤
│ 1 │
│ 2 │
│ 3 │
└───┘
3 rows
> .kg use default
Switched to knowledge graph: default
> .kg drop test_expltr_n36t06
Knowledge graph 'test_expltr_n36t06' dropped.
