Connecting to server at http://127.0.0.1:8080...
Connected!

Server status: healthy
Authenticated as: admin
Current knowledge graph: default

> .kg create test_expltr_n36t21
Knowledge graph 'test_expltr_n36t21' created.
Switched to knowledge graph: test_expltr_n36t21
> .kg use test_expltr_n36t21
Switched to knowledge graph: test_expltr_n36t21
> +link[(1, 2), (2, 3), (3, 4), (4, 5), (5, 6), (6, 7), (7, 8), (8, 9), (9, 10), (10, 11), (11, 12)]
Inserted 11 fact(s) into 'link'.
> +chain(X, Y) <- link(X, Y)
Rule 'chain' registered.
> +chain(X, Z) <- link(X, Y), chain(Y, Z)
Rule 'chain' registered.
> .why ?chain(1, 12)
┌─────┬─────┐
│ _c0 │ _c1 │
├─────┼─────┤
│   1 │  12 │
└─────┴─────┘
1 rows
> .kg use default
Switched to knowledge graph: default
> .kg drop test_expltr_n36t21
Knowledge graph 'test_expltr_n36t21' dropped.
