Connecting to server at http://127.0.0.1:8080...
Connected!

Server status: healthy
Authenticated as: admin
Current knowledge graph: default

> .help
InputLayer Client (WebSocket)
================================

Meta Commands:
  .kg                  Show current knowledge graph
  .kg list             List all knowledge graphs
  .kg create <name>    Create knowledge graph
  .kg use <name>       Switch to knowledge graph
  .kg drop <name>      Drop knowledge graph
  .rel                 List relations
  .rel <name>          Describe relation
  .rule                List rules
  .rule <name>         Query rule
  .rule drop <name>    Drop all clauses of a rule
  .rule drop prefix <p> Drop all rules matching prefix
  .rule remove <name> <n>  Remove clause n from rule (1-based)
  .session             List session rules
  .session clear       Clear all session rules
  .session drop <n|name>  Drop session rule by index or relation name
  .clear prefix <p>    Clear all facts from relations with prefix
  .explain <query>     Show query plan without executing
  .status              Server status
  .help                Show this help
  .quit                Exit

Data Manipulation:
  +edge(1, 2)          Insert fact (persistent)
  -edge(1, 2)          Delete fact
  edge(1, 2)           Session fact (transient)

Rules:
  +path(X, Y) <- edge(X, Y)    Persistent rule
  foo(X, Y) <- bar(X, Y)       Session rule (transient)

Queries:
  ?path(1, X)          Query

> .help kg
InputLayer Client (WebSocket)
================================

Meta Commands:
  .kg                  Show current knowledge graph
  .kg list             List all knowledge graphs
  .kg create <name>    Create knowledge graph
  .kg use <name>       Switch to knowledge graph
  .kg drop <name>      Drop knowledge graph
  .rel                 List relations
  .rel <name>          Describe relation
  .rule                List rules
  .rule <name>         Query rule
  .rule drop <name>    Drop all clauses of a rule
  .rule drop prefix <p> Drop all rules matching prefix
  .rule remove <name> <n>  Remove clause n from rule (1-based)
  .session             List session rules
  .session clear       Clear all session rules
  .session drop <n|name>  Drop session rule by index or relation name
  .clear prefix <p>    Clear all facts from relations with prefix
  .explain <query>     Show query plan without executing
  .status              Server status
  .help                Show this help
  .quit                Exit

Data Manipulation:
  +edge(1, 2)          Insert fact (persistent)
  -edge(1, 2)          Delete fact
  edge(1, 2)           Session fact (transient)

Rules:
  +path(X, Y) <- edge(X, Y)    Persistent rule
  foo(X, Y) <- bar(X, Y)       Session rule (transient)

Queries:
  ?path(1, X)          Query

> .help rel
InputLayer Client (WebSocket)
================================

Meta Commands:
  .kg                  Show current knowledge graph
  .kg list             List all knowledge graphs
  .kg create <name>    Create knowledge graph
  .kg use <name>       Switch to knowledge graph
  .kg drop <name>      Drop knowledge graph
  .rel                 List relations
  .rel <name>          Describe relation
  .rule                List rules
  .rule <name>         Query rule
  .rule drop <name>    Drop all clauses of a rule
  .rule drop prefix <p> Drop all rules matching prefix
  .rule remove <name> <n>  Remove clause n from rule (1-based)
  .session             List session rules
  .session clear       Clear all session rules
  .session drop <n|name>  Drop session rule by index or relation name
  .clear prefix <p>    Clear all facts from relations with prefix
  .explain <query>     Show query plan without executing
  .status              Server status
  .help                Show this help
  .quit                Exit

Data Manipulation:
  +edge(1, 2)          Insert fact (persistent)
  -edge(1, 2)          Delete fact
  edge(1, 2)           Session fact (transient)

Rules:
  +path(X, Y) <- edge(X, Y)    Persistent rule
  foo(X, Y) <- bar(X, Y)       Session rule (transient)

Queries:
  ?path(1, X)          Query

> .help session
InputLayer Client (WebSocket)
================================

Meta Commands:
  .kg                  Show current knowledge graph
  .kg list             List all knowledge graphs
  .kg create <name>    Create knowledge graph
  .kg use <name>       Switch to knowledge graph
  .kg drop <name>      Drop knowledge graph
  .rel                 List relations
  .rel <name>          Describe relation
  .rule                List rules
  .rule <name>         Query rule
  .rule drop <name>    Drop all clauses of a rule
  .rule drop prefix <p> Drop all rules matching prefix
  .rule remove <name> <n>  Remove clause n from rule (1-based)
  .session             List session rules
  .session clear       Clear all session rules
  .session drop <n|name>  Drop session rule by index or relation name
  .clear prefix <p>    Clear all facts from relations with prefix
  .explain <query>     Show query plan without executing
  .status              Server status
  .help                Show this help
  .quit                Exit

Data Manipulation:
  +edge(1, 2)          Insert fact (persistent)
  -edge(1, 2)          Delete fact
  edge(1, 2)           Session fact (transient)

Rules:
  +path(X, Y) <- edge(X, Y)    Persistent rule
  foo(X, Y) <- bar(X, Y)       Session rule (transient)

Queries:
  ?path(1, X)          Query

> .help rule
InputLayer Client (WebSocket)
================================

Meta Commands:
  .kg                  Show current knowledge graph
  .kg list             List all knowledge graphs
  .kg create <name>    Create knowledge graph
  .kg use <name>       Switch to knowledge graph
  .kg drop <name>      Drop knowledge graph
  .rel                 List relations
  .rel <name>          Describe relation
  .rule                List rules
  .rule <name>         Query rule
  .rule drop <name>    Drop all clauses of a rule
  .rule drop prefix <p> Drop all rules matching prefix
  .rule remove <name> <n>  Remove clause n from rule (1-based)
  .session             List session rules
  .session clear       Clear all session rules
  .session drop <n|name>  Drop session rule by index or relation name
  .clear prefix <p>    Clear all facts from relations with prefix
  .explain <query>     Show query plan without executing
  .status              Server status
  .help                Show this help
  .quit                Exit

Data Manipulation:
  +edge(1, 2)          Insert fact (persistent)
  -edge(1, 2)          Delete fact
  edge(1, 2)           Session fact (transient)

Rules:
  +path(X, Y) <- edge(X, Y)    Persistent rule
  foo(X, Y) <- bar(X, Y)       Session rule (transient)

Queries:
  ?path(1, X)          Query
