Connecting to server at http://127.0.0.1:8080...
Connected!

Server status: healthy
Authenticated as: admin
Current knowledge graph: default

> .kg create test_retract_max_n14t127
Knowledge graph 'test_retract_max_n14t127' created.
Switched to knowledge graph: test_retract_max_n14t127
> .kg use test_retract_max_n14t127
Switched to knowledge graph: test_retract_max_n14t127
> +reading[(1, 25), (1, 22), (1, 28), (2, 30), (2, 35)]
Inserted 5 fact(s) into 'reading'.
> +max_temp(Sensor, max<Temp>) <- reading(Sensor, Temp)
Rule 'max_temp' registered.
> ?max_temp(X, Y)
┌───┬────┐
│ X │ Y  │
├───┼────┤
│ 1 │ 28 │
│ 2 │ 35 │
└───┴────┘
2 rows
> -reading(1, 28)
Deleted 1 facts from 'reading'.
> ?max_temp(X, Y)
┌───┬────┐
│ X │ Y  │
├───┼────┤
│ 1 │ 25 │
│ 2 │ 35 │
└───┴────┘
2 rows
> +reading[(1, 50)]
Inserted 1 fact(s) into 'reading'.
> ?max_temp(X, Y)
┌───┬────┐
│ X │ Y  │
├───┼────┤
│ 1 │ 50 │
│ 2 │ 35 │
└───┴────┘
2 rows
> .kg use default
Switched to knowledge graph: default
> .kg drop test_retract_max_n14t127
Knowledge graph 'test_retract_max_n14t127' dropped.
