Executing script: examples/datalog/13_performance/11_complex_recursion.dl

> .db create test_complex_rec
Database 'test_complex_rec' created.
Switched to database: test_complex_rec
> .db use test_complex_rec
Switched to database: test_complex_rec
> +direct[(1, 2), (2, 3), (3, 4), (4, 5)].
Inserted 4 facts into 'direct'.
> +indirect[(1, 3), (2, 4), (3, 5), (1, 4), (2, 5)].
Inserted 5 facts into 'indirect'.
> +reach(X, Y) :- direct(X, Y).
Rule 'reach' registered.
> +reach(X, Y) :- indirect(X, Y).
Rule added to 'reach' (2 rules total).
> +reach(X, Z) :- reach(X, Y), direct(Y, Z).
Rule added to 'reach' (3 rules total).
> +reach(X, Z) :- reach(X, Y), indirect(Y, Z).
Rule added to 'reach' (4 rules total).
> ?- reach(X, Y).
10 rows:
  (1, 2)
  (1, 3)
  (1, 4)
  (1, 5)
  (2, 3)
  (2, 4)
  (2, 5)
  (3, 4)
  (3, 5)
  (4, 5)
> +reach_count(X, count<Y>) :- reach(X, Y).
Script error: Line 21: Parse error: Invalid term: 'count<Y>'
