Connecting to server at http://127.0.0.1:8080...
Connected!

Server status: healthy
Current knowledge graph: default

> .kg create test_cosine_int8_n30t06
Knowledge graph 'test_cosine_int8_n30t06' created.
Switched to knowledge graph: test_cosine_int8_n30t06
> .kg use test_cosine_int8_n30t06
Switched to knowledge graph: test_cosine_int8_n30t06
> +embedding[(1, [1.0, 0.0, 0.0, 0.0])]
Inserted 1 fact(s) into 'embedding'.
> +embedding[(2, [0.0, 1.0, 0.0, 0.0])]
Inserted 1 fact(s) into 'embedding'.
> +embedding[(3, [0.707, 0.707, 0.0, 0.0])]
Inserted 1 fact(s) into 'embedding'.
> int8_cosine(Id1, Id2, Dist) <-
Parse error: Empty rule body with head variables is not allowed. Use 'foo(constant).' for facts, or add body predicates.
> embedding(Id1, V1), embedding(Id2, V2),
Parse error: Expected parentheses: (Id1, V1), embedding(Id2, V2),
> Id1 < Id2,
Parse error: Unrecognized statement: Id1 < Id2,
> Q1 = quantize_linear(V1),
Parse error: Expected parentheses: (V1),
> Q2 = quantize_linear(V2),
Parse error: Expected parentheses: (V2),
> Dist = cosine_int8(Q1, Q2)
Cannot insert variable 'Q1' - use constants only
> ?int8_cosine(Id1, Id2, Dist)
No results.
> .kg use default
Switched to knowledge graph: default
> .kg drop test_cosine_int8_n30t06
Knowledge graph 'test_cosine_int8_n30t06' dropped.
