Connecting to server at http://127.0.0.1:8080...
Connected!

Server status: healthy
Current knowledge graph: default

> .kg create test_empty_string_n35t30
Knowledge graph 'test_empty_string_n35t30' created.
Switched to knowledge graph: test_empty_string_n35t30
> .kg use test_empty_string_n35t30
Switched to knowledge graph: test_empty_string_n35t30
> +name[(1, "alice"), (2, ""), (3, "bob"), (4, "")]
Inserted 4 fact(s) into 'name'.
> ?name(Id, N)
┌──────┬─────────┐
│ col0 │ col1    │
├──────┼─────────┤
│    1 │ "alice" │
│    2 │ ""      │
│    3 │ "bob"   │
│    4 │ ""      │
└──────┴─────────┘
4 rows
