Connecting to server at http://127.0.0.1:8080...
Connected!

Server status: healthy
Current knowledge graph: default

> .kg create test_unified_schema_n25t01
Knowledge graph 'test_unified_schema_n25t01' created.
Switched to knowledge graph: test_unified_schema_n25t01
> .kg use test_unified_schema_n25t01
Switched to knowledge graph: test_unified_schema_n25t01
> +employee(id: int, name: string, dept: int).
Schema 'employee' declared (persistent).
> +department(id: int, name: string).
Schema 'department' declared (persistent).
> +employee[(1, "Alice", 10), (2, "Bob", 20), (3, "Charlie", 10)].
Inserted 3 fact(s) into 'employee'.
> +department[(10, "Engineering"), (20, "Sales")].
Inserted 2 fact(s) into 'department'.
> ?- employee(Id, Name, Dept).
3 rows:
  (1, "Alice", 10)
  (2, "Bob", 20)
  (3, "Charlie", 10)
> ?- department(Id, Name).
2 rows:
  (10, "Engineering")
  (20, "Sales")
> .kg use default
Switched to knowledge graph: default
> .kg drop test_unified_schema_n25t01
Knowledge graph 'test_unified_schema_n25t01' dropped.
