Connecting to server at http://127.0.0.1:8080...
Connected!

Server status: healthy
Current knowledge graph: default

> .kg create test_inv_const_n12t45
Knowledge graph 'test_inv_const_n12t45' created.
Switched to knowledge graph: test_inv_const_n12t45
> .kg use test_inv_const_n12t45
Switched to knowledge graph: test_inv_const_n12t45
> +nums[(1,), (2,), (3,)].
Inserted 3 fact(s) into 'nums'.
> bad(X) :- nums(X), X = "one".
No results.
(session: 1 rule(s))
> ?- bad(X).
No results.
> .kg use default
Switched to knowledge graph: default
(Cleared 1 session rule(s), 0 session fact(s))
> .kg drop test_inv_const_n12t45
Knowledge graph 'test_inv_const_n12t45' dropped.
