Connecting to server at http://127.0.0.1:8080...
Connected!

Server status: healthy
Authenticated as: admin
Current knowledge graph: default

> .kg create test_neg_join_n08t45
Knowledge graph 'test_neg_join_n08t45' created.
Switched to knowledge graph: test_neg_join_n08t45
> .kg use test_neg_join_n08t45
Switched to knowledge graph: test_neg_join_n08t45
> +employees[(1, "Alice", "Eng"), (2, "Bob", "Sales"), (3, "Carol", "Eng")]
Inserted 3 fact(s) into 'employees'.
> +managers[(1, "Eng")]
Inserted 1 fact(s) into 'managers'.
> non_managers(Id, Name, Dept) <-
Parse error: Empty rule body with head variables is not allowed. Use 'foo(constant).' for facts, or add body predicates.
> employees(Id, Name, Dept),
Parse error: Expected parentheses: (Id, Name, Dept),
> !managers(Id, Dept)
Cannot insert variable 'Id' - use constants only
> ?non_managers(Id, Name, Dept)
No results.
> .kg use default
Switched to knowledge graph: default
> .kg drop test_neg_join_n08t45
Knowledge graph 'test_neg_join_n08t45' dropped.
