Connecting to server at http://127.0.0.1:8080...
Connected!

Server status: healthy
Current knowledge graph: default

> .kg create test_arity_3col_n15t12
Knowledge graph 'test_arity_3col_n15t12' created.
Switched to knowledge graph: test_arity_3col_n15t12
> .kg use test_arity_3col_n15t12
Switched to knowledge graph: test_arity_3col_n15t12
> +src3[(1, 5, 100), (2, 10, 200), (3, 0, 300), (4, -5, 400)]
Inserted 4 fact(s) into 'src3'.
> +link[(1, 10), (2, 20), (3, 30), (4, 40)]
Inserted 4 fact(s) into 'link'.
> inc_wildcard_end(Y, D+1) <- src3(X, D, _), link(X, Y)
┌──────┬──────┐
│ col0 │ col1 │
├──────┼──────┤
│   10 │    6 │
│   20 │   11 │
│   30 │    1 │
│   40 │   -4 │
└──────┴──────┘
4 rows
(session: 1 rule(s))
> ?inc_wildcard_end(A, B)
┌──────┬──────┐
│ col0 │ col1 │
├──────┼──────┤
│   10 │    6 │
│   20 │   11 │
│   30 │    1 │
│   40 │   -4 │
└──────┴──────┘
4 rows
> inc_all_bound(Y, D+1) <- src3(X, D, Z), link(X, Y)
┌──────┬──────┐
│ col0 │ col1 │
├──────┼──────┤
│   10 │    6 │
│   20 │   11 │
│   30 │    1 │
│   40 │   -4 │
└──────┴──────┘
4 rows
(session: 2 rule(s))
> ?inc_all_bound(A, B)
┌──────┬──────┐
│ col0 │ col1 │
├──────┼──────┤
│   10 │    6 │
│   20 │   11 │
│   30 │    1 │
│   40 │   -4 │
└──────┴──────┘
4 rows
> inc_with_extra(Y, D+1, Z) <- src3(X, D, Z), link(X, Y)
┌──────┬──────┬──────┐
│ col0 │ col1 │ col2 │
├──────┼──────┼──────┤
│   10 │    6 │  100 │
│   20 │   11 │  200 │
│   30 │    1 │  300 │
│   40 │   -4 │  400 │
└──────┴──────┴──────┘
4 rows
(session: 3 rule(s))
> ?inc_with_extra(A, B, C)
┌──────┬──────┬──────┐
│ col0 │ col1 │ col2 │
├──────┼──────┼──────┤
│   10 │    6 │  100 │
│   20 │   11 │  200 │
│   30 │    1 │  300 │
│   40 │   -4 │  400 │
└──────┴──────┴──────┘
4 rows
> inc_third_col(Y, Z+1) <- src3(X, D, Z), link(X, Y)
┌──────┬──────┐
│ col0 │ col1 │
├──────┼──────┤
│   10 │  101 │
│   20 │  201 │
│   30 │  301 │
│   40 │  401 │
└──────┴──────┘
4 rows
(session: 4 rule(s))
> ?inc_third_col(A, B)
┌──────┬──────┐
│ col0 │ col1 │
├──────┼──────┤
│   10 │  101 │
│   20 │  201 │
│   30 │  301 │
│   40 │  401 │
└──────┴──────┘
4 rows
> inc_double_wildcard(D+1) <- src3(_, D, _)
┌──────┐
│ col0 │
├──────┤
│   -4 │
│    1 │
│    6 │
│   11 │
└──────┘
4 rows
(session: 5 rule(s))
> ?inc_double_wildcard(A)
┌──────┐
│ col0 │
├──────┤
│   -4 │
│    1 │
│    6 │
│   11 │
└──────┘
4 rows
> +src3b[(100, 1, 5), (200, 2, 10), (300, 3, 0)]
Inserted 3 fact(s) into 'src3b'.
> +link_b[(1, 1000), (2, 2000), (3, 3000)]
Inserted 3 fact(s) into 'link_b'.
> inc_wildcard_start(Y, D+1) <- src3b(_, X, D), link_b(X, Y)
┌──────┬──────┐
│ col0 │ col1 │
├──────┼──────┤
│ 1000 │    6 │
│ 2000 │   11 │
│ 3000 │    1 │
└──────┴──────┘
3 rows
(session: 6 rule(s))
> ?inc_wildcard_start(A, B)
┌──────┬──────┐
│ col0 │ col1 │
├──────┼──────┤
│ 1000 │    6 │
│ 2000 │   11 │
│ 3000 │    1 │
└──────┴──────┘
3 rows
> .kg use default
Switched to knowledge graph: default
(Cleared 6 session rule(s), 0 session fact(s))
> .kg drop test_arity_3col_n15t12
Knowledge graph 'test_arity_3col_n15t12' dropped.
