Connecting to server at http://127.0.0.1:8080...
Connected!

Server status: healthy
Current knowledge graph: default

> .kg create test_compare_n15t30
Knowledge graph 'test_compare_n15t30' created.
Switched to knowledge graph: test_compare_n15t30
> .kg use test_compare_n15t30
Switched to knowledge graph: test_compare_n15t30
> +pairs[(10, 5), (3, 7), (5, 5), (8, 2)]
Inserted 4 fact(s) into 'pairs'.
> first_bigger(A, B) <- pairs(A, B), A > B
┌──────┬──────┐
│ col0 │ col1 │
├──────┼──────┤
│    8 │    2 │
│   10 │    5 │
└──────┴──────┘
2 rows
(session: 1 rule(s))
