Connecting to server at http://127.0.0.1:8080...
Connected!

Server status: healthy
Current knowledge graph: default

> .kg create test_int_bounds_n15t43
Knowledge graph 'test_int_bounds_n15t43' created.
Switched to knowledge graph: test_int_bounds_n15t43
> .kg use test_int_bounds_n15t43
Switched to knowledge graph: test_int_bounds_n15t43
> +large_int(2147483647)
Inserted 1 fact(s) into 'large_int'.
> ?large_int(X)
┌────────────┐
│ X          │
├────────────┤
│ 2147483647 │
└────────────┘
1 rows
> +neg_large(-2147483648)
Inserted 1 fact(s) into 'neg_large'.
> ?neg_large(X)
┌─────────────┐
│ X           │
├─────────────┤
│ -2147483648 │
└─────────────┘
1 rows
> ?large_int(X), X > 2147483640
┌────────────┐
│ X          │
├────────────┤
│ 2147483647 │
└────────────┘
1 rows
> ?neg_large(X), X < -2147483640
┌─────────────┐
│ X           │
├─────────────┤
│ -2147483648 │
└─────────────┘
1 rows
> .kg use default
Switched to knowledge graph: default
> .kg drop test_int_bounds_n15t43
Knowledge graph 'test_int_bounds_n15t43' dropped.
