
Executing script: /Users/samuel.picek/InputLayer/FlowLog/course/final-project/examples/datalog/11_types/03_floats_truncation.dl

> .db create test_float
Database 'test_float' created.
Switched to database: test_float
> .db use test_float
Switched to database: test_float
> +values[(1.9, 2.1), (3.7, 4.9), (0.5, 0.1)].
Inserted 3 facts into 'values'.
> ?- values(X, Y).
3 rows:
  (0.5, 0.1)
  (1.9, 2.1)
  (3.7, 4.9)
> +negfloat[(-1.5, -2.9), (-3.1, -4.8)].
Inserted 2 facts into 'negfloat'.
> ?- negfloat(X, Y).
2 rows:
  (-3.1, -4.8)
  (-1.5, -2.9)
> view large(X: int, Y: int) :- values(X, Y), X > 2.
View 'large' registered.
> ?- large(X, Y).
No results.
> .db use default
Switched to database: default
> .db drop test_float
Database 'test_float' dropped.

