Connecting to server at http://127.0.0.1:8080...
Connected!

Server status: healthy
Current knowledge graph: default

> .kg create test_large_int_n11t26
Knowledge graph 'test_large_int_n11t26' created.
Switched to knowledge graph: test_large_int_n11t26
> .kg use test_large_int_n11t26
Switched to knowledge graph: test_large_int_n11t26
> +big_nums[(1000000,), (999999999,), (123456789,)]
Inserted 3 fact(s) into 'big_nums'.
> ?big_nums(N)
┌───────────┐
│ col0      │
├───────────┤
│   1000000 │
│ 123456789 │
│ 999999999 │
└───────────┘
3 rows
