
Executing script: /Users/samuel.picek/InputLayer/FlowLog/course/final-project/examples/datalog/08_negation/12_negation_chained.dl

> .db create test_neg_chain
Database 'test_neg_chain' created.
Switched to database: test_neg_chain
> .db use test_neg_chain
Switched to database: test_neg_chain
> +all_users[(1, 0), (2, 0), (3, 0), (4, 0), (5, 0)].
Inserted 5 facts into 'all_users'.
> +banned[(2, 0)].
Inserted 1 fact into 'banned'.
> +premium[(1, 0), (3, 0)].
Inserted 2 facts into 'premium'.
> view basic_user(X: int, Y: int) :- all_users(X, Y), !banned(X, _), !premium(X, _).
View 'basic_user' registered.
> ?- basic_user(X, Y).
2 rows:
  (4, 0)
  (5, 0)
> .db use default
Switched to database: default
> .db drop test_neg_chain
Database 'test_neg_chain' dropped.

