
Executing script: /Users/samuel.picek/InputLayer/FlowLog/course/final-project/examples/datalog/08_negation/13_negation_multi_join.dl

> .db create test_neg_multi_join
Database 'test_neg_multi_join' created.
Switched to database: test_neg_multi_join
> .db use test_neg_multi_join
Switched to database: test_neg_multi_join
> +employee[(1, 10), (2, 10), (3, 20), (4, 20), (5, 30)].
Inserted 5 facts into 'employee'.
> +department[(10, 100), (20, 200), (30, 300)].
Inserted 3 facts into 'department'.
> +on_leave[(2, 0), (4, 0)].
Inserted 2 facts into 'on_leave'.
> view active_emp_manager(EmpId: int, MgrId: int) :- employee(EmpId, DeptId), department(DeptId, MgrId), !on_leave(EmpId, _).
View 'active_emp_manager' registered.
> ?- active_emp_manager(X, Y).
3 rows:
  (1, 100)
  (3, 200)
  (5, 300)
> .db use default
Switched to database: default
> .db drop test_neg_multi_join
Database 'test_neg_multi_join' dropped.

