
Executing script: /Users/samuel.picek/InputLayer/FlowLog/course/final-project/examples/datalog/08_negation/16_negation_with_constants.dl

> .db create test_neg_const
Database 'test_neg_const' created.
Switched to database: test_neg_const
> .db use test_neg_const
Switched to database: test_neg_const
> +data[(1, 100), (2, 200), (3, 100), (4, 300), (5, 200)].
Inserted 5 facts into 'data'.
> +blacklist[(100, 0), (300, 0)].
Inserted 2 facts into 'blacklist'.
> view not_blacklisted(Id: int, Val: int) :- data(Id, Val), !blacklist(Val, 0).
View 'not_blacklisted' registered.
> ?- not_blacklisted(X, Y).
2 rows:
  (2, 200)
  (5, 200)
> .db use default
Switched to database: default
> .db drop test_neg_const
Database 'test_neg_const' dropped.

