
Executing script: examples/datalog/08_negation/26_all_excluded.dl

> .db create test_all_excluded
Database 'test_all_excluded' created.
Switched to database: test_all_excluded
> .db use test_all_excluded
Switched to database: test_all_excluded
> +items[(1), (2), (3)].
Inserted 3 facts into 'items'.
> +excluded[(1), (2), (3)].
Inserted 3 facts into 'excluded'.
> view not_excluded(X: int) :- items(X), !excluded(X).
View 'not_excluded' registered.
> ?- not_excluded(X).
No results.
> +items(4).
Inserted 1 fact into 'items'.
> ?- not_excluded(X).
1 rows:
  (4)
> +excluded(4).
Inserted 1 fact into 'excluded'.
> ?- not_excluded(X).
No results.
> .db use default
Switched to database: default
> .db drop test_all_excluded
Database 'test_all_excluded' dropped.

