Connecting to server at http://127.0.0.1:8080...
Connected!

Server status: healthy
Current knowledge graph: default

> .kg create test_disjoint
Knowledge graph 'test_disjoint' created.
Switched to knowledge graph: test_disjoint
> .kg use test_disjoint
Switched to knowledge graph: test_disjoint
> +set_a[(1,), (2,), (3,)].
Inserted 3 fact(s) into 'set_a'.
> +set_b[(4,), (5,), (6,)].
Inserted 3 fact(s) into 'set_b'.
> +common(X) :- set_a(X), set_b(X).
Rule 'common' registered.
> ?- common(X).
No results.
> .kg use default
Switched to knowledge graph: default
> .kg drop test_disjoint
Knowledge graph 'test_disjoint' dropped.
