Executing script: examples/datalog/28_docs_coverage/01_cheatsheet_basics.dl

> .db create cheatsheet_basics
Database 'cheatsheet_basics' created.
Switched to database: cheatsheet_basics
> .db use cheatsheet_basics
Switched to database: cheatsheet_basics
> +edge(1, 2).
Inserted 1 fact into 'edge'.
> +edge[(2, 3), (3, 4), (4, 5)].
Inserted 3 facts into 'edge'.
> ?- edge(X, Y).
4 rows:
  (1, 2)
  (2, 3)
  (3, 4)
  (4, 5)
> -edge(4, 5).
Deleted fact from 'edge'.
> ?- edge(X, Y).
3 rows:
  (1, 2)
  (2, 3)
  (3, 4)
> -edge(X, Y) :- edge(X, Y), X > 2.
Deleted 1 facts from 'edge'.
> ?- edge(X, Y).
2 rows:
  (1, 2)
  (2, 3)
> +counter[(1, 0), (2, 10)].
Inserted 2 facts into 'counter'.
> -counter(1, 0).
Deleted fact from 'counter'.
> +counter(1, 5).
Inserted 1 fact into 'counter'.
> ?- counter(Id, Val).
2 rows:
  (1, 5)
  (2, 10)
> .db use default
Switched to database: default
> .db drop cheatsheet_basics
Database 'cheatsheet_basics' dropped.
