Executing script: examples/datalog/28_docs_coverage/02_cheatsheet_rules.dl

> .db create cheatsheet_rules
Database 'cheatsheet_rules' created.
Switched to database: cheatsheet_rules
> .db use cheatsheet_rules
Switched to database: cheatsheet_rules
> +edge[(1, 2), (2, 3), (3, 4), (4, 5)].
Inserted 4 facts into 'edge'.
> +person[("alice", 30), ("bob", 17), ("carol", 25)].
Inserted 3 facts into 'person'.
> +path(X, Y) :- edge(X, Y).
Rule added to 'path' (2 rules total).
> +path(X, Z) :- path(X, Y), edge(Y, Z).
Rule added to 'path' (2 rules total).
> ?- path(X, Y).
10 rows:
  (1, 2)
  (1, 3)
  (1, 4)
  (1, 5)
  (2, 3)
  (2, 4)
  (2, 5)
  (3, 4)
  (3, 5)
  (4, 5)
> +adult(Name, Age) :- person(Name, Age), Age >= 18.
Rule added to 'adult' (1 rules total).
> ?- adult(Name, Age).
2 rows:
  ("alice", 30)
  ("carol", 25)
> result(X, Y) :- edge(X, Y), X < Y.
Script error: Line 30: Query execution failed: Unsupported ordering constraint pattern
