Executing script: examples/datalog/28_docs_coverage/05_cheatsheet_graph_example.dl

> .db create social
Database 'social' created.
Switched to database: social
> .db use social
Switched to database: social
> +follows[(1, 2), (2, 3), (3, 4), (1, 4)].
Inserted 4 facts into 'follows'.
> +reach(X, Y) :- follows(X, Y).
Rule 'reach' registered.
> +reach(X, Z) :- reach(X, Y), follows(Y, Z).
Rule added to 'reach' (2 rules total).
> ?- reach(1, X).
3 rows:
  (1, 2)
  (1, 3)
  (1, 4)
> .db use default
Switched to database: default
> .db drop social
Database 'social' dropped.
