Connecting to server at http://127.0.0.1:8080...
Connected!

Server status: healthy
Current knowledge graph: default

> .kg create test_syntax_negation_n28t09
Knowledge graph 'test_syntax_negation_n28t09' created.
Switched to knowledge graph: test_syntax_negation_n28t09
> .kg use test_syntax_negation_n28t09
Switched to knowledge graph: test_syntax_negation_n28t09
> +person[(1, "alice"), (2, "bob"), (3, "carol")]
Inserted 3 fact(s) into 'person'.
> +purchase[(1, "laptop"), (1, "phone")]
Inserted 2 fact(s) into 'purchase'.
> +node[(1), (2), (3), (4), (5)]
Inserted 5 fact(s) into 'node'.
> +edge[(1, 2), (2, 3), (3, 4)]
Inserted 3 fact(s) into 'edge'.
> +a[(1), (2), (3)]
Inserted 3 fact(s) into 'a'.
> +b[(2), (3), (4)]
Inserted 3 fact(s) into 'b'.
> +non_buyer(Id, Name) <-
Script error: Parse error: Empty rule body with head variables is not allowed. Use 'foo(constant).' for facts, or add body predicates.
