Executing script: examples/datalog/28_docs_coverage/15_repl_guide_basics.dl

> .db create repl_guide
Database 'repl_guide' created.
Switched to database: repl_guide
> .db use repl_guide
Switched to database: repl_guide
> +edge(1, 2).
Inserted 1 fact into 'edge'.
> +edge[(2, 3), (3, 4)].
Inserted 2 facts into 'edge'.
> +person("alice", 30, "engineering").
Inserted 1 fact into 'person'.
> ?- edge(X, Y).
3 rows:
  (1, 2)
  (2, 3)
  (3, 4)
> ?- person(Name, Age, Dept).
1 rows:
  ("alice", 30, "engineering")
> -edge(1, 2).
Deleted fact from 'edge'.
> ?- edge(X, Y).
2 rows:
  (2, 3)
  (3, 4)
> +edge(10, 20).
Inserted 1 fact into 'edge'.
> +edge(15, 25).
Inserted 1 fact into 'edge'.
> -edge(X, Y) :- edge(X, Y), X > 10.
Deleted 1 facts from 'edge'.
> ?- edge(X, Y).
3 rows:
  (2, 3)
  (3, 4)
  (10, 20)
> +counter(1, 0).
Inserted 1 fact into 'counter'.
> ?- counter(Id, Val).
1 rows:
  (1, 0)
> -counter(1, 0).
Deleted fact from 'counter'.
> +counter(1, 5).
Inserted 1 fact into 'counter'.
> ?- counter(Id, Val).
1 rows:
  (1, 5)
> .db use default
Switched to database: default
> .db drop repl_guide
Database 'repl_guide' dropped.
