Executing script: examples/datalog/18_advanced_patterns/04_bipartite.dl

> .db create test_bipartite
Database 'test_bipartite' created.
Switched to database: test_bipartite
> .db use test_bipartite
Switched to database: test_bipartite
> +edge[(1, 2), (2, 3), (3, 4), (4, 1)].
Inserted 4 facts into 'edge'.
> +start[(1, 0)].
Inserted 1 fact into 'start'.
> +color(X, C) :- start(X, C).
Rule 'color' registered.
> +color(Y, 1) :- color(X, 0), edge(X, Y).
Rule added to 'color' (2 rules total).
> +color(Y, 1) :- color(X, 0), edge(Y, X).
Rule added to 'color' (3 rules total).
> +color(Y, 0) :- color(X, 1), edge(X, Y).
Rule added to 'color' (4 rules total).
> +color(Y, 0) :- color(X, 1), edge(Y, X).
Rule added to 'color' (5 rules total).
> ?- color(X, C).
4 rows:
  (1, 0)
  (2, 1)
  (3, 0)
  (4, 1)
> .db use default
Switched to database: default
> .db drop test_bipartite
Database 'test_bipartite' dropped.
