
Executing script: /Users/samuel.picek/InputLayer/FlowLog/course/final-project/examples/datalog/18_advanced_patterns/08_reaching_defs.dl

> .db create test_reaching
Database 'test_reaching' created.
Switched to database: test_reaching
> .db use test_reaching
Switched to database: test_reaching
> +cfg[(1, 2), (2, 3), (3, 4)].
Inserted 3 facts into 'cfg'.
> +def[(1, 1), (2, 2), (3, 1)].
Inserted 3 facts into 'def'.
> view reaches(D: int, D: int) :- def(D, _).
View 'reaches' registered.
> view reaches(D: int, Q: int) :- reaches(D, P), cfg(P, Q).
Rule added to view 'reaches' (2 rules total).
> ?- reaches(X, Y).
9 rows:
  (1, 1)
  (1, 2)
  (1, 3)
  (1, 4)
  (2, 2)
  (2, 3)
  (2, 4)
  (3, 3)
  (3, 4)
> view kills(S: int, D: int) :- def(S, V), def(D, V), S != D.
View 'kills' registered.
> ?- kills(X, Y).
2 rows:
  (1, 3)
  (3, 1)
> .db use default
Switched to database: default
> .db drop test_reaching
Database 'test_reaching' dropped.

