Connecting to server at http://127.0.0.1:8080...
Connected!

Server status: healthy
Authenticated as: admin
Current knowledge graph: default

> .kg create test_lookup_n18t114
Knowledge graph 'test_lookup_n18t114' created.
Switched to knowledge graph: test_lookup_n18t114
> .kg use test_lookup_n18t114
Switched to knowledge graph: test_lookup_n18t114
> +status_codes[(1, "pending"), (2, "active"), (3, "completed"), (4, "cancelled")]
Inserted 4 fact(s) into 'status_codes'.
> +orders[(101, 1), (102, 2), (103, 3), (104, 1)]
Inserted 4 fact(s) into 'orders'.
> +order_status(OrderId, StatusName) <-
Parse error: Empty rule body with head variables is not allowed. Use 'foo(constant).' for facts, or add body predicates.
> orders(OrderId, StatusCode),
Parse error: Expected parentheses: (OrderId, StatusCode),
> status_codes(StatusCode, StatusName)
Cannot insert variable 'StatusCode' - use constants only
> ?order_status(O, S)
No results.
> .kg use default
Switched to knowledge graph: default
> .kg drop test_lookup_n18t114
Knowledge graph 'test_lookup_n18t114' dropped.
