Connecting to server at http://127.0.0.1:8080...
Connected!

Server status: healthy
Authenticated as: admin
Current knowledge graph: default

> .kg create test_islands_n18t28
Knowledge graph 'test_islands_n18t28' created.
Switched to knowledge graph: test_islands_n18t28
> .kg use test_islands_n18t28
Switched to knowledge graph: test_islands_n18t28
> +data[(1, 1), (2, 1), (3, 0), (4, 1), (5, 1), (6, 1), (7, 0), (8, 1)]
Inserted 8 fact(s) into 'data'.
> island_start(Id) <- data(Id, 1), PrevId = Id - 1, data(PrevId, 0)
┌───┐
│ X │
├───┤
│ 4 │
│ 8 │
└───┘
2 rows
(session: 1 rule(s))
> island_start(1) <- data(1, 1)
Query execution timed out
> ?island_start(Id)
