Connecting to server at http://127.0.0.1:8080...
Connected!

Server status: healthy
Authenticated as: admin
Current knowledge graph: default

> .kg create test_pct_n18t70
Knowledge graph 'test_pct_n18t70' created.
Switched to knowledge graph: test_pct_n18t70
> .kg use test_pct_n18t70
Switched to knowledge graph: test_pct_n18t70
> +scores[(1, 50), (2, 60), (3, 70), (4, 80), (5, 90), (6, 100)]
Inserted 6 fact(s) into 'scores'.
> rank_position(Id, Score, count<S2>) <-
Parse error: Empty rule body with head variables is not allowed. Use 'foo(constant).' for facts, or add body predicates.
> scores(Id, Score),
Parse error: Expected parentheses: (Id, Score),
> scores(_, S2),
Parse error: Expected parentheses: (_, S2),
> S2 < Score
Parse error: Unrecognized statement: S2 < Score
> ?rank_position(Id, Score, Rank)
No results.
> .kg use default
Switched to knowledge graph: default
> .kg drop test_pct_n18t70
Knowledge graph 'test_pct_n18t70' dropped.
