Connecting to server at http://127.0.0.1:8080...
Connected!

Server status: healthy
Current knowledge graph: default

> .kg create test_moving_n18t72
Knowledge graph 'test_moving_n18t72' created.
Switched to knowledge graph: test_moving_n18t72
> .kg use test_moving_n18t72
Switched to knowledge graph: test_moving_n18t72
> +timeseries[(1, 10), (2, 20), (3, 15), (4, 25), (5, 30)]
Inserted 5 fact(s) into 'timeseries'.
> moving_sum(T, V, sum<V2>) <- timeseries(T, V), timeseries(T2, V2), T2 >= T - 1,
┌──────┬──────┬──────┐
│ col0 │ col1 │ col2 │
├──────┼──────┼──────┤
│    1 │   10 │  100 │
│    2 │   20 │  100 │
│    3 │   15 │   90 │
│    4 │   25 │   70 │
│    5 │   30 │   55 │
└──────┴──────┴──────┘
5 rows
(session: 1 rule(s))
