Connecting to server at http://127.0.0.1:8080...
Connected!

Server status: healthy
Current knowledge graph: default

> .kg create test_sess_persist_n04t04
Knowledge graph 'test_sess_persist_n04t04' created.
Switched to knowledge graph: test_sess_persist_n04t04
> .kg use test_sess_persist_n04t04
Switched to knowledge graph: test_sess_persist_n04t04
> +base[(1), (2), (3)]
Inserted 3 fact(s) into 'base'.
> +persistent_rule(X) <- base(X), X > 1
Rule 'persistent_rule' registered.
> ?persistent_rule(X)
┌──────┐
│ col0 │
├──────┤
│    2 │
│    3 │
└──────┘
2 rows
