Connecting to server at http://127.0.0.1:8080...
Connected!

Server status: healthy
Authenticated as: admin
Current knowledge graph: default

> .kg create test_lead_lag_n18t26
Knowledge graph 'test_lead_lag_n18t26' created.
Switched to knowledge graph: test_lead_lag_n18t26
> .kg use test_lead_lag_n18t26
Switched to knowledge graph: test_lead_lag_n18t26
> +events[(1, 100), (2, 150), (3, 120), (4, 180), (5, 90)]
Inserted 5 fact(s) into 'events'.
> lead_val(Id, Val, NextVal) <- events(Id, Val), events(NextId, NextVal), NextId = Id + 1
┌───┬─────┬─────┐
│ X │ Y   │ Z   │
├───┼─────┼─────┤
│ 1 │ 100 │ 150 │
│ 2 │ 150 │ 120 │
│ 3 │ 120 │ 180 │
│ 4 │ 180 │  90 │
└───┴─────┴─────┘
4 rows
(session: 1 rule(s))
> ?lead_val(Id, Val, NextVal)
┌────┬─────┬─────────┐
│ Id │ Val │ NextVal │
├────┼─────┼─────────┤
│  1 │ 100 │     150 │
│  2 │ 150 │     120 │
│  3 │ 120 │     180 │
│  4 │ 180 │      90 │
└────┴─────┴─────────┘
4 rows
> lag_val(Id, Val, PrevVal) <- events(Id, Val), events(PrevId, PrevVal), PrevId = Id - 1
┌───┬─────┬─────┐
│ X │ Y   │ Z   │
├───┼─────┼─────┤
│ 2 │ 150 │ 100 │
│ 3 │ 120 │ 150 │
│ 4 │ 180 │ 120 │
│ 5 │  90 │ 180 │
└───┴─────┴─────┘
4 rows
(session: 2 rule(s))
> ?lag_val(Id, Val, PrevVal)
┌────┬─────┬─────────┐
│ Id │ Val │ PrevVal │
├────┼─────┼─────────┤
│  2 │ 150 │     100 │
│  3 │ 120 │     150 │
│  4 │ 180 │     120 │
│  5 │  90 │     180 │
└────┴─────┴─────────┘
4 rows
> change(Id, Val, Diff) <- lag_val(Id, Val, PrevVal), Diff = Val - PrevVal
┌───┬─────┬─────┐
│ X │ Y   │ Z   │
├───┼─────┼─────┤
│ 2 │ 150 │  50 │
│ 3 │ 120 │ -30 │
│ 4 │ 180 │  60 │
│ 5 │  90 │ -90 │
└───┴─────┴─────┘
4 rows
(session: 3 rule(s))
> ?change(Id, Val, Diff)
┌────┬─────┬──────┐
│ Id │ Val │ Diff │
├────┼─────┼──────┤
│  2 │ 150 │   50 │
│  3 │ 120 │  -30 │
│  4 │ 180 │   60 │
│  5 │  90 │  -90 │
└────┴─────┴──────┘
4 rows
> .kg use default
Switched to knowledge graph: default
(Cleared 3 session rule(s), 0 session fact(s))
> .kg drop test_lead_lag_n18t26
Knowledge graph 'test_lead_lag_n18t26' dropped.
