Connecting to server at http://127.0.0.1:8080...
Connected!

Server status: healthy
Authenticated as: admin
Current knowledge graph: default

> .kg create test_unsafe_neg_err_n12t20
Knowledge graph 'test_unsafe_neg_err_n12t20' created.
Switched to knowledge graph: test_unsafe_neg_err_n12t20
> .kg use test_unsafe_neg_err_n12t20
Switched to knowledge graph: test_unsafe_neg_err_n12t20
> +banned[(1), (2)]
Inserted 2 fact(s) into 'banned'.
> +unsafe_rule(X) <- !banned(X)
Failed to register rule: Unsafe rule 'unsafe_rule': Head variable(s) X not bound by any positive body atom. All head variables must appear in at least one positive body predicate.
> ?unsafe_rule(X)
No results.
> .kg use default
Switched to knowledge graph: default
> .kg drop test_unsafe_neg_err_n12t20
Knowledge graph 'test_unsafe_neg_err_n12t20' dropped.
